Vivado Simulator v2023.1
Copyright 1986-2022 Xilinx, Inc. All Rights Reserved.
Copyright 2022-2023 Advanced Micro Devices, Inc. All Rights Reserved.
Running: C:/Xilinx/Vivado/2023.1/bin/unwrapped/win64.o/xelab.exe --incr --debug typical --relax --mt 2 -L xil_defaultlib -L uvm -L unisims_ver -L unimacro_ver -L secureip --snapshot N_bit_fulladder_tb_behav xil_defaultlib.N_bit_fulladder_tb xil_defaultlib.glbl -log elaborate.log 
Using 2 slave threads.
Starting static elaboration
Pass Through NonSizing Optimizer
WARNING: [VRFC 10-3597] non-void function 'randomize' called as a task without void casting [C:/Users/rajar/OneDrive - University of Moratuwa/codes/Vivado/SV_Aba/N_bit_adder/N_bit_adder.srcs/sources_1/new/N_bit_fulladder_tb.sv:20]
WARNING: [VRFC 10-3597] non-void function 'randomize' called as a task without void casting [C:/Users/rajar/OneDrive - University of Moratuwa/codes/Vivado/SV_Aba/N_bit_adder/N_bit_adder.srcs/sources_1/new/N_bit_fulladder_tb.sv:21]
WARNING: [VRFC 10-3597] non-void function 'randomize' called as a task without void casting [C:/Users/rajar/OneDrive - University of Moratuwa/codes/Vivado/SV_Aba/N_bit_adder/N_bit_adder.srcs/sources_1/new/N_bit_fulladder_tb.sv:22]
WARNING: [VRFC 10-3705] select index 8 into 'C' is out of bounds [C:/Users/rajar/OneDrive - University of Moratuwa/codes/Vivado/SV_Aba/N_bit_adder/N_bit_adder.srcs/sources_1/new/N_bit_fulladder.sv:14]
WARNING: [VRFC 10-3705] select index 8 into 'C' is out of bounds [C:/Users/rajar/OneDrive - University of Moratuwa/codes/Vivado/SV_Aba/N_bit_adder/N_bit_adder.srcs/sources_1/new/N_bit_fulladder.sv:23]
Completed static elaboration
Starting simulation data flow analysis
Completed simulation data flow analysis
Time Resolution for simulation is 1ps
Compiling package std.std
Compiling module xil_defaultlib.full_adder
Compiling module xil_defaultlib.N_bit_fulladder(N=8)
Compiling module xil_defaultlib.N_bit_fulladder_tb
Compiling module xil_defaultlib.glbl
Built simulation snapshot N_bit_fulladder_tb_behav
