Time resolution is 1 ps
WARNING: File:  Line: 0 : randomize failed to meet constraint.
WARNING: File:  Line: 0 : randomize failed to meet constraint.
Error:  63 +  38+ 1 != {x+102}
Time: 11 ns  Iteration: 0  Process: /N_bit_fulladder_tb/Initial9_8  Scope: N_bit_fulladder_tb.Block18_9  File: C:/Users/rajar/OneDrive - University of Moratuwa/codes/Vivado/SV_Aba/N_bit_adder/N_bit_adder.srcs/sources_1/new/N_bit_fulladder_tb.sv Line: 25
WARNING: File:  Line: 0 : randomize failed to meet constraint.
WARNING: File:  Line: 0 : randomize failed to meet constraint.
Error:  52 +  90+ 1 != {x+143}
Time: 21 ns  Iteration: 0  Process: /N_bit_fulladder_tb/Initial9_8  Scope: N_bit_fulladder_tb.Block18_9  File: C:/Users/rajar/OneDrive - University of Moratuwa/codes/Vivado/SV_Aba/N_bit_adder/N_bit_adder.srcs/sources_1/new/N_bit_fulladder_tb.sv Line: 25
WARNING: File:  Line: 0 : randomize failed to meet constraint.
WARNING: File:  Line: 0 : randomize failed to meet constraint.
Error:  98 +   3+ 1 != {x+102}
Time: 31 ns  Iteration: 0  Process: /N_bit_fulladder_tb/Initial9_8  Scope: N_bit_fulladder_tb.Block18_9  File: C:/Users/rajar/OneDrive - University of Moratuwa/codes/Vivado/SV_Aba/N_bit_adder/N_bit_adder.srcs/sources_1/new/N_bit_fulladder_tb.sv Line: 25
WARNING: File:  Line: 0 : randomize failed to meet constraint.
WARNING: File:  Line: 0 : randomize failed to meet constraint.
Error:  39 + 121+ 0 != {x+160}
Time: 41 ns  Iteration: 0  Process: /N_bit_fulladder_tb/Initial9_8  Scope: N_bit_fulladder_tb.Block18_9  File: C:/Users/rajar/OneDrive - University of Moratuwa/codes/Vivado/SV_Aba/N_bit_adder/N_bit_adder.srcs/sources_1/new/N_bit_fulladder_tb.sv Line: 25
WARNING: File:  Line: 0 : randomize failed to meet constraint.
WARNING: File:  Line: 0 : randomize failed to meet constraint.
Error:  10 + 127+ 0 != {x+137}
Time: 51 ns  Iteration: 0  Process: /N_bit_fulladder_tb/Initial9_8  Scope: N_bit_fulladder_tb.Block18_9  File: C:/Users/rajar/OneDrive - University of Moratuwa/codes/Vivado/SV_Aba/N_bit_adder/N_bit_adder.srcs/sources_1/new/N_bit_fulladder_tb.sv Line: 25
WARNING: File:  Line: 0 : randomize failed to meet constraint.
WARNING: File:  Line: 0 : randomize failed to meet constraint.
Error: 112 +  67+ 1 != {x+180}
Time: 61 ns  Iteration: 0  Process: /N_bit_fulladder_tb/Initial9_8  Scope: N_bit_fulladder_tb.Block18_9  File: C:/Users/rajar/OneDrive - University of Moratuwa/codes/Vivado/SV_Aba/N_bit_adder/N_bit_adder.srcs/sources_1/new/N_bit_fulladder_tb.sv Line: 25
WARNING: File:  Line: 0 : randomize failed to meet constraint.
WARNING: File:  Line: 0 : randomize failed to meet constraint.
Error:  42 +  35+ 1 != {x+ 78}
Time: 71 ns  Iteration: 0  Process: /N_bit_fulladder_tb/Initial9_8  Scope: N_bit_fulladder_tb.Block18_9  File: C:/Users/rajar/OneDrive - University of Moratuwa/codes/Vivado/SV_Aba/N_bit_adder/N_bit_adder.srcs/sources_1/new/N_bit_fulladder_tb.sv Line: 25
WARNING: File:  Line: 0 : randomize failed to meet constraint.
WARNING: File:  Line: 0 : randomize failed to meet constraint.
Error: 125 + 118+ 1 != {x+244}
Time: 81 ns  Iteration: 0  Process: /N_bit_fulladder_tb/Initial9_8  Scope: N_bit_fulladder_tb.Block18_9  File: C:/Users/rajar/OneDrive - University of Moratuwa/codes/Vivado/SV_Aba/N_bit_adder/N_bit_adder.srcs/sources_1/new/N_bit_fulladder_tb.sv Line: 25
WARNING: File:  Line: 0 : randomize failed to meet constraint.
WARNING: File:  Line: 0 : randomize failed to meet constraint.
Error:  53 + 123+ 0 != {x+176}
Time: 91 ns  Iteration: 0  Process: /N_bit_fulladder_tb/Initial9_8  Scope: N_bit_fulladder_tb.Block18_9  File: C:/Users/rajar/OneDrive - University of Moratuwa/codes/Vivado/SV_Aba/N_bit_adder/N_bit_adder.srcs/sources_1/new/N_bit_fulladder_tb.sv Line: 25
WARNING: File:  Line: 0 : randomize failed to meet constraint.
WARNING: File:  Line: 0 : randomize failed to meet constraint.
Error:  38 +  31+ 1 != {x+ 70}
Time: 101 ns  Iteration: 0  Process: /N_bit_fulladder_tb/Initial9_8  Scope: N_bit_fulladder_tb.Block18_9  File: C:/Users/rajar/OneDrive - University of Moratuwa/codes/Vivado/SV_Aba/N_bit_adder/N_bit_adder.srcs/source